<?xml version="1.0" encoding="UTF-8"?>
<!-- Generated by org.testng.reporters.JUnitXMLReporter -->
<testsuite hostname="Stevens-MacBook-Pro.local" ignored="0" name="numbersXML" tests="9" failures="0" timestamp="16 Sep 2019 23:20:15 GMT" time="16.411" errors="0">
  <testcase name="@BeforeClass setUp" time="0.0" classname="com.upgrade.seleniumtests.PortalsTest">
    <failure type="org.openqa.selenium.NoSuchElementException" message="no such element: Unable to locate element: {&amp;quot;method&amp;quot;:&amp;quot;xpath&amp;quot;,&amp;quot;selector&amp;quot;:&amp;quot;//div[@class = &amp;apos;text--align-center&amp;apos;]/div[1]/div[2]/span[2]&amp;quot;}
  (Session info: chrome=76.0.3809.132)
For documentation on this error, please visit: https://www.seleniumhq.org/exceptions/no_such_element.html
Build info: version: &amp;apos;3.141.59&amp;apos;, revision: &amp;apos;e82be7d358&amp;apos;, time: &amp;apos;2018-11-14T08:25:48&amp;apos;
System info: host: &amp;apos;Stevens-MacBook-Pro.local&amp;apos;, ip: &amp;apos;2601:641:300:92c:0:0:0:c1bd%en0&amp;apos;, os.name: &amp;apos;Mac OS X&amp;apos;, os.arch: &amp;apos;x86_64&amp;apos;, os.version: &amp;apos;10.14.6&amp;apos;, java.version: &amp;apos;1.8.0_181&amp;apos;
Driver info: org.openqa.selenium.chrome.ChromeDriver
Capabilities {acceptInsecureCerts: false, browserName: chrome, browserVersion: 76.0.3809.132, chrome: {chromedriverVersion: 76.0.3809.126 (d80a294506b4..., userDataDir: /var/folders/xn/g9c1tkms3jd...}, goog:chromeOptions: {debuggerAddress: localhost:49427}, javascriptEnabled: true, networkConnectionEnabled: false, pageLoadStrategy: normal, platform: MAC, platformName: MAC, proxy: Proxy(), setWindowRect: true, strictFileInteractability: false, timeouts: {implicit: 0, pageLoad: 300000, script: 30000}, unhandledPromptBehavior: dismiss and notify}
Session ID: cc805c571b2369a7085767198b44a273
*** Element info: {Using=xpath, value=//div[@class = &amp;apos;text--align-center&amp;apos;]/div[1]/div[2]/span[2]}">
      <![CDATA[org.openqa.selenium.NoSuchElementException: no such element: Unable to locate element: {"method":"xpath","selector":"//div[@class = 'text--align-center']/div[1]/div[2]/span[2]"}
  (Session info: chrome=76.0.3809.132)
For documentation on this error, please visit: https://www.seleniumhq.org/exceptions/no_such_element.html
Build info: version: '3.141.59', revision: 'e82be7d358', time: '2018-11-14T08:25:48'
System info: host: 'Stevens-MacBook-Pro.local', ip: '2601:641:300:92c:0:0:0:c1bd%en0', os.name: 'Mac OS X', os.arch: 'x86_64', os.version: '10.14.6', java.version: '1.8.0_181'
Driver info: org.openqa.selenium.chrome.ChromeDriver
Capabilities {acceptInsecureCerts: false, browserName: chrome, browserVersion: 76.0.3809.132, chrome: {chromedriverVersion: 76.0.3809.126 (d80a294506b4..., userDataDir: /var/folders/xn/g9c1tkms3jd...}, goog:chromeOptions: {debuggerAddress: localhost:49427}, javascriptEnabled: true, networkConnectionEnabled: false, pageLoadStrategy: normal, platform: MAC, platformName: MAC, proxy: Proxy(), setWindowRect: true, strictFileInteractability: false, timeouts: {implicit: 0, pageLoad: 300000, script: 30000}, unhandledPromptBehavior: dismiss and notify}
Session ID: cc805c571b2369a7085767198b44a273
*** Element info: {Using=xpath, value=//div[@class = 'text--align-center']/div[1]/div[2]/span[2]}
	at org.openqa.selenium.remote.http.W3CHttpResponseCodec.createException(W3CHttpResponseCodec.java:187)
	at org.openqa.selenium.remote.http.W3CHttpResponseCodec.decode(W3CHttpResponseCodec.java:122)
	at org.openqa.selenium.remote.http.W3CHttpResponseCodec.decode(W3CHttpResponseCodec.java:49)
	at org.openqa.selenium.remote.HttpCommandExecutor.execute(HttpCommandExecutor.java:158)
	at org.openqa.selenium.remote.service.DriverCommandExecutor.execute(DriverCommandExecutor.java:83)
	at org.openqa.selenium.remote.RemoteWebDriver.execute(RemoteWebDriver.java:552)
	at org.openqa.selenium.remote.RemoteWebDriver.findElement(RemoteWebDriver.java:323)
	at org.openqa.selenium.remote.RemoteWebDriver.findElementByXPath(RemoteWebDriver.java:428)
	at org.openqa.selenium.By$ByXPath.findElement(By.java:353)
	at org.openqa.selenium.remote.RemoteWebDriver.findElement(RemoteWebDriver.java:315)
	at org.openqa.selenium.support.pagefactory.DefaultElementLocator.findElement(DefaultElementLocator.java:69)
	at org.openqa.selenium.support.pagefactory.internal.LocatingElementHandler.invoke(LocatingElementHandler.java:38)
	at com.sun.proxy.$Proxy12.getText(Unknown Source)
	at com.upgrade.seleniumtests.PortalsTest.setUp(PortalsTest.java:53)
... Removed 29 stack frames]]>
    </failure>
  </testcase> <!-- @BeforeClass setUp -->
  <testcase name="select_list" time="0.002" classname="com.upgrade.seleniumtests.PortalsTest">
    <skipped/>
  </testcase> <!-- select_list -->
  <testcase name="check_Georgia_is_only_state_with_min_Loan_amount_3005" time="0.002" classname="com.upgrade.api.ApiTest"/>
  <testcase name="check_Number_Of_states" time="0.036" classname="com.upgrade.api.ApiTest"/>
  <testcase name="check_One_State_Has_min_Age_19" time="0.001" classname="com.upgrade.api.ApiTest"/>
  <testcase name="check_Loan_Amount_are_Equal" time="0.001" classname="com.upgrade.seleniumtests.PortalsTest">
    <skipped/>
  </testcase> <!-- check_Loan_Amount_are_Equal -->
  <testcase name="check_Monthly_Payment_Is_Equal" time="0.0" classname="com.upgrade.seleniumtests.PortalsTest">
    <skipped/>
  </testcase> <!-- check_Monthly_Payment_Is_Equal -->
  <testcase name="check_Month_Termt_Is_Equal" time="0.001" classname="com.upgrade.seleniumtests.PortalsTest">
    <skipped/>
  </testcase> <!-- check_Month_Termt_Is_Equal -->
  <testcase name="check_InterestRate_Is_Equal" time="0.001" classname="com.upgrade.seleniumtests.PortalsTest">
    <skipped/>
  </testcase> <!-- check_InterestRate_Is_Equal -->
  <testcase name="check_APR_Is_Equal" time="0.0" classname="com.upgrade.seleniumtests.PortalsTest">
    <skipped/>
  </testcase> <!-- check_APR_Is_Equal -->
</testsuite> <!-- numbersXML -->
