<?xml version="1.0" encoding="UTF-8"?>
<!-- Generated by org.testng.reporters.JUnitXMLReporter -->
<testsuite hostname="Stevens-MacBook-Pro.local" ignored="0" name="Command line test" tests="9" failures="0" timestamp="16 Sep 2019 23:19:37 GMT" time="29.027" errors="0">
  <testcase name="@BeforeClass setUp" time="0.0" classname="com.upgrade.seleniumtests.PortalsTest">
    <failure type="org.openqa.selenium.NoSuchWindowException" message="no such window: window was already closed
  (Session info: chrome=76.0.3809.132)
Build info: version: &amp;apos;4.0.0-alpha-2&amp;apos;, revision: &amp;apos;f148142cf8&amp;apos;, time: &amp;apos;2019-07-01T20:55:26&amp;apos;
System info: host: &amp;apos;Stevens-MacBook-Pro.local&amp;apos;, ip: &amp;apos;2601:641:300:92c:0:0:0:c1bd%en0&amp;apos;, os.name: &amp;apos;Mac OS X&amp;apos;, os.arch: &amp;apos;x86_64&amp;apos;, os.version: &amp;apos;10.14.6&amp;apos;, java.version: &amp;apos;1.8.0_181&amp;apos;
Driver info: org.openqa.selenium.chrome.ChromeDriver
Capabilities {acceptInsecureCerts: false, browserName: chrome, browserVersion: 76.0.3809.132, chrome: {chromedriverVersion: 76.0.3809.126 (d80a294506b4..., userDataDir: /var/folders/xn/g9c1tkms3jd...}, goog:chromeOptions: {debuggerAddress: localhost:49299}, javascriptEnabled: true, networkConnectionEnabled: false, pageLoadStrategy: normal, platform: MAC, platformName: MAC, proxy: Proxy(), setWindowRect: true, strictFileInteractability: false, timeouts: {implicit: 0, pageLoad: 300000, script: 30000}, unhandledPromptBehavior: dismiss and notify}
Session ID: d7986038f6ba8289c2abc82c92b45bd5">
      <![CDATA[org.openqa.selenium.NoSuchWindowException: no such window: window was already closed
  (Session info: chrome=76.0.3809.132)
Build info: version: '4.0.0-alpha-2', revision: 'f148142cf8', time: '2019-07-01T20:55:26'
System info: host: 'Stevens-MacBook-Pro.local', ip: '2601:641:300:92c:0:0:0:c1bd%en0', os.name: 'Mac OS X', os.arch: 'x86_64', os.version: '10.14.6', java.version: '1.8.0_181'
Driver info: org.openqa.selenium.chrome.ChromeDriver
Capabilities {acceptInsecureCerts: false, browserName: chrome, browserVersion: 76.0.3809.132, chrome: {chromedriverVersion: 76.0.3809.126 (d80a294506b4..., userDataDir: /var/folders/xn/g9c1tkms3jd...}, goog:chromeOptions: {debuggerAddress: localhost:49299}, javascriptEnabled: true, networkConnectionEnabled: false, pageLoadStrategy: normal, platform: MAC, platformName: MAC, proxy: Proxy(), setWindowRect: true, strictFileInteractability: false, timeouts: {implicit: 0, pageLoad: 300000, script: 30000}, unhandledPromptBehavior: dismiss and notify}
Session ID: d7986038f6ba8289c2abc82c92b45bd5
	at org.openqa.selenium.remote.codec.w3c.W3CHttpResponseCodec.createException(W3CHttpResponseCodec.java:191)
	at org.openqa.selenium.remote.codec.w3c.W3CHttpResponseCodec.decode(W3CHttpResponseCodec.java:125)
	at org.openqa.selenium.remote.codec.w3c.W3CHttpResponseCodec.decode(W3CHttpResponseCodec.java:52)
	at org.openqa.selenium.remote.HttpCommandExecutor.execute(HttpCommandExecutor.java:161)
	at org.openqa.selenium.remote.service.DriverCommandExecutor.execute(DriverCommandExecutor.java:83)
	at org.openqa.selenium.remote.RemoteWebDriver.execute(RemoteWebDriver.java:576)
	at org.openqa.selenium.remote.RemoteWebDriver.execute(RemoteWebDriver.java:633)
	at org.openqa.selenium.remote.RemoteWebDriver.execute(RemoteWebDriver.java:637)
	at org.openqa.selenium.remote.RemoteWebDriver$RemoteWebDriverOptions$RemoteWindow.maximize(RemoteWebDriver.java:884)
	at com.upgrade.SeleniumHelperClass.TestBase.getUrl(TestBase.java:24)
	at com.upgrade.seleniumtests.PortalsTest.setUp(PortalsTest.java:29)
... Removed 39 stack frames]]>
    </failure>
  </testcase> <!-- @BeforeClass setUp -->
  <testcase name="check_Georgia_is_only_state_with_min_Loan_amount_3005" time="0.004" classname="com.upgrade.api.ApiTest"/>
  <testcase name="check_Number_Of_states" time="0.029" classname="com.upgrade.api.ApiTest"/>
  <testcase name="check_One_State_Has_min_Age_19" time="0.0" classname="com.upgrade.api.ApiTest"/>
  <testcase name="select_list" time="0.001" classname="com.upgrade.seleniumtests.PortalsTest">
    <skipped/>
  </testcase> <!-- select_list -->
  <testcase name="check_Loan_Amount_are_Equal" time="0.001" classname="com.upgrade.seleniumtests.PortalsTest">
    <skipped/>
  </testcase> <!-- check_Loan_Amount_are_Equal -->
  <testcase name="check_Monthly_Payment_Is_Equal" time="0.001" classname="com.upgrade.seleniumtests.PortalsTest">
    <skipped/>
  </testcase> <!-- check_Monthly_Payment_Is_Equal -->
  <testcase name="check_Month_Termt_Is_Equal" time="0.0" classname="com.upgrade.seleniumtests.PortalsTest">
    <skipped/>
  </testcase> <!-- check_Month_Termt_Is_Equal -->
  <testcase name="check_InterestRate_Is_Equal" time="0.0" classname="com.upgrade.seleniumtests.PortalsTest">
    <skipped/>
  </testcase> <!-- check_InterestRate_Is_Equal -->
  <testcase name="check_APR_Is_Equal" time="0.001" classname="com.upgrade.seleniumtests.PortalsTest">
    <skipped/>
  </testcase> <!-- check_APR_Is_Equal -->
</testsuite> <!-- Command line test -->
